# JRE version: Java(TM) SE Runtime Environment (8.0_351-b10) (build 1.8.0_351-b10)
# Java VM: Java HotSpot(TM) 64-Bit Server VM (25.351-b10 mixed mode windows-amd64 compressed oops)
Heap:
 PSYoungGen      total 34816K, used 17896K [0x00000000d9580000, 0x00000000dbc00000, 0x0000000100000000)
  eden space 30208K, 44% used [0x00000000d9580000,0x00000000da27e078,0x00000000db300000)
  from space 4608K, 99% used [0x00000000db780000,0x00000000dbbfc030,0x00000000dbc00000)
  to   space 4608K, 0% used [0x00000000db300000,0x00000000db300000,0x00000000db780000)
 ParOldGen       total 79360K, used 7093K [0x000000008c000000, 0x0000000090d80000, 0x00000000d9580000)
  object space 79360K, 8% used [0x000000008c000000,0x000000008c6ed4e0,0x0000000090d80000)
 Metaspace       used 15878K, capacity 16200K, committed 16384K, reserved 1062912K
  class space    used 1871K, capacity 1985K, committed 2048K, reserved 1048576K
GC Heap History (8 events):
Event: 0.376 GC heap before
{Heap before GC invocations=1 (full 0):
 PSYoungGen      total 34816K, used 30208K [0x00000000d9580000, 0x00000000dbc00000, 0x0000000100000000)
  eden space 30208K, 100% used [0x00000000d9580000,0x00000000db300000,0x00000000db300000)
  from space 4608K, 0% used [0x00000000db780000,0x00000000db780000,0x00000000dbc00000)
  to   space 4608K, 0% used [0x00000000db300000,0x00000000db300000,0x00000000db780000)
 ParOldGen       total 79360K, used 0K [0x000000008c000000, 0x0000000090d80000, 0x00000000d9580000)
  object space 79360K, 0% used [0x000000008c000000,0x000000008c000000,0x0000000090d80000)
 Metaspace       used 8057K, capacity 8188K, committed 8320K, reserved 1056768K
  class space    used 974K, capacity 1048K, committed 1152K, reserved 1048576K
Event: 0.380 GC heap after
Heap after GC invocations=1 (full 0):
 PSYoungGen      total 34816K, used 4585K [0x00000000d9580000, 0x00000000dbc00000, 0x0000000100000000)
  eden space 30208K, 0% used [0x00000000d9580000,0x00000000d9580000,0x00000000db300000)
  from space 4608K, 99% used [0x00000000db300000,0x00000000db77a7c8,0x00000000db780000)
  to   space 4608K, 0% used [0x00000000db780000,0x00000000db780000,0x00000000dbc00000)
 ParOldGen       total 79360K, used 626K [0x000000008c000000, 0x0000000090d80000, 0x00000000d9580000)
  object space 79360K, 0% used [0x000000008c000000,0x000000008c09c950,0x0000000090d80000)
 Metaspace       used 8057K, capacity 8188K, committed 8320K, reserved 1056768K
  class space    used 974K, capacity 1048K, committed 1152K, reserved 1048576K
}
Event: 0.605 GC heap before
{Heap before GC invocations=2 (full 0):
 PSYoungGen      total 34816K, used 34793K [0x00000000d9580000, 0x00000000dbc00000, 0x0000000100000000)
  eden space 30208K, 100% used [0x00000000d9580000,0x00000000db300000,0x00000000db300000)
  from space 4608K, 99% used [0x00000000db300000,0x00000000db77a7c8,0x00000000db780000)
  to   space 4608K, 0% used [0x00000000db780000,0x00000000db780000,0x00000000dbc00000)
 ParOldGen       total 79360K, used 626K [0x000000008c000000, 0x0000000090d80000, 0x00000000d9580000)
  object space 79360K, 0% used [0x000000008c000000,0x000000008c09c950,0x0000000090d80000)
 Metaspace       used 11171K, capacity 11382K, committed 11520K, reserved 1058816K
  class space    used 1372K, capacity 1446K, committed 1536K, reserved 1048576K
Event: 0.610 GC heap after
Heap after GC invocations=2 (full 0):
 PSYoungGen      total 34816K, used 4600K [0x00000000d9580000, 0x00000000dbc00000, 0x0000000100000000)
  eden space 30208K, 0% used [0x00000000d9580000,0x00000000d9580000,0x00000000db300000)
  from space 4608K, 99% used [0x00000000db780000,0x00000000dbbfe380,0x00000000dbc00000)
  to   space 4608K, 0% used [0x00000000db300000,0x00000000db300000,0x00000000db780000)
 ParOldGen       total 79360K, used 2861K [0x000000008c000000, 0x0000000090d80000, 0x00000000d9580000)
  object space 79360K, 3% used [0x000000008c000000,0x000000008c2cb498,0x0000000090d80000)
 Metaspace       used 11171K, capacity 11382K, committed 11520K, reserved 1058816K
  class space    used 1372K, capacity 1446K, committed 1536K, reserved 1048576K
}
Event: 0.997 GC heap before
{Heap before GC invocations=3 (full 0):
 PSYoungGen      total 34816K, used 34808K [0x00000000d9580000, 0x00000000dbc00000, 0x0000000100000000)
  eden space 30208K, 100% used [0x00000000d9580000,0x00000000db300000,0x00000000db300000)
  from space 4608K, 99% used [0x00000000db780000,0x00000000dbbfe380,0x00000000dbc00000)
  to   space 4608K, 0% used [0x00000000db300000,0x00000000db300000,0x00000000db780000)
 ParOldGen       total 79360K, used 2861K [0x000000008c000000, 0x0000000090d80000, 0x00000000d9580000)
  object space 79360K, 3% used [0x000000008c000000,0x000000008c2cb498,0x0000000090d80000)
 Metaspace       used 15164K, capacity 15410K, committed 15616K, reserved 1062912K
  class space    used 1846K, capacity 1944K, committed 2048K, reserved 1048576K
Event: 1.002 GC heap after
Heap after GC invocations=3 (full 0):
 PSYoungGen      total 34816K, used 4576K [0x00000000d9580000, 0x00000000dbc00000, 0x0000000100000000)
  eden space 30208K, 0% used [0x00000000d9580000,0x00000000d9580000,0x00000000db300000)
  from space 4608K, 99% used [0x00000000db300000,0x00000000db778020,0x00000000db780000)
  to   space 4608K, 0% used [0x00000000db780000,0x00000000db780000,0x00000000dbc00000)
 ParOldGen       total 79360K, used 5517K [0x000000008c000000, 0x0000000090d80000, 0x00000000d9580000)
  object space 79360K, 6% used [0x000000008c000000,0x000000008c5634e0,0x0000000090d80000)
 Metaspace       used 15164K, capacity 15410K, committed 15616K, reserved 1062912K
  class space    used 1846K, capacity 1944K, committed 2048K, reserved 1048576K
}
Event: 1.232 GC heap before
{Heap before GC invocations=4 (full 0):
 PSYoungGen      total 34816K, used 34784K [0x00000000d9580000, 0x00000000dbc00000, 0x0000000100000000)
  eden space 30208K, 100% used [0x00000000d9580000,0x00000000db300000,0x00000000db300000)
  from space 4608K, 99% used [0x00000000db300000,0x00000000db778020,0x00000000db780000)
  to   space 4608K, 0% used [0x00000000db780000,0x00000000db780000,0x00000000dbc00000)
 ParOldGen       total 79360K, used 5517K [0x000000008c000000, 0x0000000090d80000, 0x00000000d9580000)
  object space 79360K, 6% used [0x000000008c000000,0x000000008c5634e0,0x0000000090d80000)
 Metaspace       used 15541K, capacity 15848K, committed 16128K, reserved 1062912K
  class space    used 1854K, capacity 1953K, committed 2048K, reserved 1048576K
Event: 1.237 GC heap after
Heap after GC invocations=4 (full 0):
 PSYoungGen      total 34816K, used 4592K [0x00000000d9580000, 0x00000000dbc00000, 0x0000000100000000)
  eden space 30208K, 0% used [0x00000000d9580000,0x00000000d9580000,0x00000000db300000)
  from space 4608K, 99% used [0x00000000db780000,0x00000000dbbfc030,0x00000000dbc00000)
  to   space 4608K, 0% used [0x00000000db300000,0x00000000db300000,0x00000000db780000)
 ParOldGen       total 79360K, used 7093K [0x000000008c000000, 0x0000000090d80000, 0x00000000d9580000)
  object space 79360K, 8% used [0x000000008c000000,0x000000008c6ed4e0,0x0000000090d80000)
 Metaspace       used 15541K, capacity 15848K, committed 16128K, reserved 1062912K
  class space    used 1854K, capacity 1953K, committed 2048K, reserved 1048576K
}

