# JRE version: Java(TM) SE Runtime Environment (8.0_351-b10) (build 1.8.0_351-b10)
# Java VM: Java HotSpot(TM) 64-Bit Server VM (25.351-b10 mixed mode windows-amd64 compressed oops)
Heap:
 PSYoungGen      total 65024K, used 48412K [0x00000000d9580000, 0x00000000dd980000, 0x0000000100000000)
  eden space 60416K, 72% used [0x00000000d9580000,0x00000000dc04f258,0x00000000dd080000)
  from space 4608K, 99% used [0x00000000dd500000,0x00000000dd978020,0x00000000dd980000)
  to   space 4608K, 0% used [0x00000000dd080000,0x00000000dd080000,0x00000000dd500000)
 ParOldGen       total 79360K, used 7236K [0x000000008c000000, 0x0000000090d80000, 0x00000000d9580000)
  object space 79360K, 9% used [0x000000008c000000,0x000000008c711188,0x0000000090d80000)
 Metaspace       used 16998K, capacity 17396K, committed 17536K, reserved 1064960K
  class space    used 1995K, capacity 2089K, committed 2176K, reserved 1048576K
GC Heap History (8 events):
Event: 0.391 GC heap before
{Heap before GC invocations=1 (full 0):
 PSYoungGen      total 34816K, used 30208K [0x00000000d9580000, 0x00000000dbc00000, 0x0000000100000000)
  eden space 30208K, 100% used [0x00000000d9580000,0x00000000db300000,0x00000000db300000)
  from space 4608K, 0% used [0x00000000db780000,0x00000000db780000,0x00000000dbc00000)
  to   space 4608K, 0% used [0x00000000db300000,0x00000000db300000,0x00000000db780000)
 ParOldGen       total 79360K, used 0K [0x000000008c000000, 0x0000000090d80000, 0x00000000d9580000)
  object space 79360K, 0% used [0x000000008c000000,0x000000008c000000,0x0000000090d80000)
 Metaspace       used 8071K, capacity 8252K, committed 8576K, reserved 1056768K
  class space    used 976K, capacity 1048K, committed 1152K, reserved 1048576K
Event: 0.395 GC heap after
Heap after GC invocations=1 (full 0):
 PSYoungGen      total 34816K, used 4607K [0x00000000d9580000, 0x00000000dbc00000, 0x0000000100000000)
  eden space 30208K, 0% used [0x00000000d9580000,0x00000000d9580000,0x00000000db300000)
  from space 4608K, 99% used [0x00000000db300000,0x00000000db77fc38,0x00000000db780000)
  to   space 4608K, 0% used [0x00000000db780000,0x00000000db780000,0x00000000dbc00000)
 ParOldGen       total 79360K, used 622K [0x000000008c000000, 0x0000000090d80000, 0x00000000d9580000)
  object space 79360K, 0% used [0x000000008c000000,0x000000008c09bb68,0x0000000090d80000)
 Metaspace       used 8071K, capacity 8252K, committed 8576K, reserved 1056768K
  class space    used 976K, capacity 1048K, committed 1152K, reserved 1048576K
}
Event: 0.610 GC heap before
{Heap before GC invocations=2 (full 0):
 PSYoungGen      total 34816K, used 34815K [0x00000000d9580000, 0x00000000dbc00000, 0x0000000100000000)
  eden space 30208K, 100% used [0x00000000d9580000,0x00000000db300000,0x00000000db300000)
  from space 4608K, 99% used [0x00000000db300000,0x00000000db77fc38,0x00000000db780000)
  to   space 4608K, 0% used [0x00000000db780000,0x00000000db780000,0x00000000dbc00000)
 ParOldGen       total 79360K, used 622K [0x000000008c000000, 0x0000000090d80000, 0x00000000d9580000)
  object space 79360K, 0% used [0x000000008c000000,0x000000008c09bb68,0x0000000090d80000)
 Metaspace       used 11192K, capacity 11382K, committed 11520K, reserved 1058816K
  class space    used 1375K, capacity 1446K, committed 1536K, reserved 1048576K
Event: 0.615 GC heap after
Heap after GC invocations=2 (full 0):
 PSYoungGen      total 34816K, used 4589K [0x00000000d9580000, 0x00000000dd980000, 0x0000000100000000)
  eden space 30208K, 0% used [0x00000000d9580000,0x00000000d9580000,0x00000000db300000)
  from space 4608K, 99% used [0x00000000db780000,0x00000000dbbfb518,0x00000000dbc00000)
  to   space 4608K, 0% used [0x00000000db300000,0x00000000db300000,0x00000000db780000)
 ParOldGen       total 79360K, used 3018K [0x000000008c000000, 0x0000000090d80000, 0x00000000d9580000)
  object space 79360K, 3% used [0x000000008c000000,0x000000008c2f2828,0x0000000090d80000)
 Metaspace       used 11192K, capacity 11382K, committed 11520K, reserved 1058816K
  class space    used 1375K, capacity 1446K, committed 1536K, reserved 1048576K
}
Event: 0.965 GC heap before
{Heap before GC invocations=3 (full 0):
 PSYoungGen      total 34816K, used 34797K [0x00000000d9580000, 0x00000000dd980000, 0x0000000100000000)
  eden space 30208K, 100% used [0x00000000d9580000,0x00000000db300000,0x00000000db300000)
  from space 4608K, 99% used [0x00000000db780000,0x00000000dbbfb518,0x00000000dbc00000)
  to   space 4608K, 0% used [0x00000000db300000,0x00000000db300000,0x00000000db780000)
 ParOldGen       total 79360K, used 3018K [0x000000008c000000, 0x0000000090d80000, 0x00000000d9580000)
  object space 79360K, 3% used [0x000000008c000000,0x000000008c2f2828,0x0000000090d80000)
 Metaspace       used 15174K, capacity 15410K, committed 15616K, reserved 1062912K
  class space    used 1848K, capacity 1944K, committed 2048K, reserved 1048576K
Event: 0.971 GC heap after
Heap after GC invocations=3 (full 0):
 PSYoungGen      total 34816K, used 4592K [0x00000000d9580000, 0x00000000dd980000, 0x0000000100000000)
  eden space 30208K, 0% used [0x00000000d9580000,0x00000000d9580000,0x00000000db300000)
  from space 4608K, 99% used [0x00000000db300000,0x00000000db77c030,0x00000000db780000)
  to   space 4608K, 0% used [0x00000000dd500000,0x00000000dd500000,0x00000000dd980000)
 ParOldGen       total 79360K, used 5688K [0x000000008c000000, 0x0000000090d80000, 0x00000000d9580000)
  object space 79360K, 7% used [0x000000008c000000,0x000000008c58e168,0x0000000090d80000)
 Metaspace       used 15174K, capacity 15410K, committed 15616K, reserved 1062912K
  class space    used 1848K, capacity 1944K, committed 2048K, reserved 1048576K
}
Event: 1.178 GC heap before
{Heap before GC invocations=4 (full 0):
 PSYoungGen      total 34816K, used 34800K [0x00000000d9580000, 0x00000000dd980000, 0x0000000100000000)
  eden space 30208K, 100% used [0x00000000d9580000,0x00000000db300000,0x00000000db300000)
  from space 4608K, 99% used [0x00000000db300000,0x00000000db77c030,0x00000000db780000)
  to   space 4608K, 0% used [0x00000000dd500000,0x00000000dd500000,0x00000000dd980000)
 ParOldGen       total 79360K, used 5688K [0x000000008c000000, 0x0000000090d80000, 0x00000000d9580000)
  object space 79360K, 7% used [0x000000008c000000,0x000000008c58e168,0x0000000090d80000)
 Metaspace       used 15549K, capacity 15848K, committed 16128K, reserved 1062912K
  class space    used 1854K, capacity 1953K, committed 2048K, reserved 1048576K
Event: 1.184 GC heap after
Heap after GC invocations=4 (full 0):
 PSYoungGen      total 65024K, used 4576K [0x00000000d9580000, 0x00000000dd980000, 0x0000000100000000)
  eden space 60416K, 0% used [0x00000000d9580000,0x00000000d9580000,0x00000000dd080000)
  from space 4608K, 99% used [0x00000000dd500000,0x00000000dd978020,0x00000000dd980000)
  to   space 4608K, 0% used [0x00000000dd080000,0x00000000dd080000,0x00000000dd500000)
 ParOldGen       total 79360K, used 7236K [0x000000008c000000, 0x0000000090d80000, 0x00000000d9580000)
  object space 79360K, 9% used [0x000000008c000000,0x000000008c711188,0x0000000090d80000)
 Metaspace       used 15549K, capacity 15848K, committed 16128K, reserved 1062912K
  class space    used 1854K, capacity 1953K, committed 2048K, reserved 1048576K
}

