# JRE version: Java(TM) SE Runtime Environment (8.0_351-b10) (build 1.8.0_351-b10)
# Java VM: Java HotSpot(TM) 64-Bit Server VM (25.351-b10 mixed mode windows-amd64 compressed oops)
Heap:
 PSYoungGen      total 65024K, used 45093K [0x00000000d9580000, 0x00000000dd980000, 0x0000000100000000)
  eden space 60416K, 67% used [0x00000000d9580000,0x00000000dbd0d768,0x00000000dd080000)
  from space 4608K, 99% used [0x00000000dd500000,0x00000000dd97c050,0x00000000dd980000)
  to   space 4608K, 0% used [0x00000000dd080000,0x00000000dd080000,0x00000000dd500000)
 ParOldGen       total 79360K, used 7183K [0x000000008c000000, 0x0000000090d80000, 0x00000000d9580000)
  object space 79360K, 9% used [0x000000008c000000,0x000000008c703c18,0x0000000090d80000)
 Metaspace       used 16627K, capacity 16916K, committed 17280K, reserved 1064960K
  class space    used 1944K, capacity 2057K, committed 2176K, reserved 1048576K
GC Heap History (8 events):
Event: 0.418 GC heap before
{Heap before GC invocations=1 (full 0):
 PSYoungGen      total 34816K, used 30208K [0x00000000d9580000, 0x00000000dbc00000, 0x0000000100000000)
  eden space 30208K, 100% used [0x00000000d9580000,0x00000000db300000,0x00000000db300000)
  from space 4608K, 0% used [0x00000000db780000,0x00000000db780000,0x00000000dbc00000)
  to   space 4608K, 0% used [0x00000000db300000,0x00000000db300000,0x00000000db780000)
 ParOldGen       total 79360K, used 0K [0x000000008c000000, 0x0000000090d80000, 0x00000000d9580000)
  object space 79360K, 0% used [0x000000008c000000,0x000000008c000000,0x0000000090d80000)
 Metaspace       used 8059K, capacity 8188K, committed 8320K, reserved 1056768K
  class space    used 974K, capacity 1048K, committed 1152K, reserved 1048576K
Event: 0.422 GC heap after
Heap after GC invocations=1 (full 0):
 PSYoungGen      total 34816K, used 4607K [0x00000000d9580000, 0x00000000dbc00000, 0x0000000100000000)
  eden space 30208K, 0% used [0x00000000d9580000,0x00000000d9580000,0x00000000db300000)
  from space 4608K, 99% used [0x00000000db300000,0x00000000db77fec0,0x00000000db780000)
  to   space 4608K, 0% used [0x00000000db780000,0x00000000db780000,0x00000000dbc00000)
 ParOldGen       total 79360K, used 545K [0x000000008c000000, 0x0000000090d80000, 0x00000000d9580000)
  object space 79360K, 0% used [0x000000008c000000,0x000000008c0886a8,0x0000000090d80000)
 Metaspace       used 8059K, capacity 8188K, committed 8320K, reserved 1056768K
  class space    used 974K, capacity 1048K, committed 1152K, reserved 1048576K
}
Event: 0.647 GC heap before
{Heap before GC invocations=2 (full 0):
 PSYoungGen      total 34816K, used 34815K [0x00000000d9580000, 0x00000000dbc00000, 0x0000000100000000)
  eden space 30208K, 100% used [0x00000000d9580000,0x00000000db300000,0x00000000db300000)
  from space 4608K, 99% used [0x00000000db300000,0x00000000db77fec0,0x00000000db780000)
  to   space 4608K, 0% used [0x00000000db780000,0x00000000db780000,0x00000000dbc00000)
 ParOldGen       total 79360K, used 545K [0x000000008c000000, 0x0000000090d80000, 0x00000000d9580000)
  object space 79360K, 0% used [0x000000008c000000,0x000000008c0886a8,0x0000000090d80000)
 Metaspace       used 11177K, capacity 11382K, committed 11520K, reserved 1058816K
  class space    used 1372K, capacity 1446K, committed 1536K, reserved 1048576K
Event: 0.653 GC heap after
Heap after GC invocations=2 (full 0):
 PSYoungGen      total 34816K, used 4580K [0x00000000d9580000, 0x00000000dd980000, 0x0000000100000000)
  eden space 30208K, 0% used [0x00000000d9580000,0x00000000d9580000,0x00000000db300000)
  from space 4608K, 99% used [0x00000000db780000,0x00000000dbbf90a0,0x00000000dbc00000)
  to   space 4608K, 0% used [0x00000000db300000,0x00000000db300000,0x00000000db780000)
 ParOldGen       total 79360K, used 2852K [0x000000008c000000, 0x0000000090d80000, 0x00000000d9580000)
  object space 79360K, 3% used [0x000000008c000000,0x000000008c2c9028,0x0000000090d80000)
 Metaspace       used 11177K, capacity 11382K, committed 11520K, reserved 1058816K
  class space    used 1372K, capacity 1446K, committed 1536K, reserved 1048576K
}
Event: 1.003 GC heap before
{Heap before GC invocations=3 (full 0):
 PSYoungGen      total 34816K, used 34788K [0x00000000d9580000, 0x00000000dd980000, 0x0000000100000000)
  eden space 30208K, 100% used [0x00000000d9580000,0x00000000db300000,0x00000000db300000)
  from space 4608K, 99% used [0x00000000db780000,0x00000000dbbf90a0,0x00000000dbc00000)
  to   space 4608K, 0% used [0x00000000db300000,0x00000000db300000,0x00000000db780000)
 ParOldGen       total 79360K, used 2852K [0x000000008c000000, 0x0000000090d80000, 0x00000000d9580000)
  object space 79360K, 3% used [0x000000008c000000,0x000000008c2c9028,0x0000000090d80000)
 Metaspace       used 15166K, capacity 15410K, committed 15616K, reserved 1062912K
  class space    used 1846K, capacity 1944K, committed 2048K, reserved 1048576K
Event: 1.009 GC heap after
Heap after GC invocations=3 (full 0):
 PSYoungGen      total 34816K, used 4592K [0x00000000d9580000, 0x00000000dd980000, 0x0000000100000000)
  eden space 30208K, 0% used [0x00000000d9580000,0x00000000d9580000,0x00000000db300000)
  from space 4608K, 99% used [0x00000000db300000,0x00000000db77c050,0x00000000db780000)
  to   space 4608K, 0% used [0x00000000dd500000,0x00000000dd500000,0x00000000dd980000)
 ParOldGen       total 79360K, used 5511K [0x000000008c000000, 0x0000000090d80000, 0x00000000d9580000)
  object space 79360K, 6% used [0x000000008c000000,0x000000008c561c18,0x0000000090d80000)
 Metaspace       used 15166K, capacity 15410K, committed 15616K, reserved 1062912K
  class space    used 1846K, capacity 1944K, committed 2048K, reserved 1048576K
}
Event: 1.200 GC heap before
{Heap before GC invocations=4 (full 0):
 PSYoungGen      total 34816K, used 34800K [0x00000000d9580000, 0x00000000dd980000, 0x0000000100000000)
  eden space 30208K, 100% used [0x00000000d9580000,0x00000000db300000,0x00000000db300000)
  from space 4608K, 99% used [0x00000000db300000,0x00000000db77c050,0x00000000db780000)
  to   space 4608K, 0% used [0x00000000dd500000,0x00000000dd500000,0x00000000dd980000)
 ParOldGen       total 79360K, used 5511K [0x000000008c000000, 0x0000000090d80000, 0x00000000d9580000)
  object space 79360K, 6% used [0x000000008c000000,0x000000008c561c18,0x0000000090d80000)
 Metaspace       used 15541K, capacity 15848K, committed 16128K, reserved 1062912K
  class space    used 1853K, capacity 1953K, committed 2048K, reserved 1048576K
Event: 1.205 GC heap after
Heap after GC invocations=4 (full 0):
 PSYoungGen      total 65024K, used 4592K [0x00000000d9580000, 0x00000000dd980000, 0x0000000100000000)
  eden space 60416K, 0% used [0x00000000d9580000,0x00000000d9580000,0x00000000dd080000)
  from space 4608K, 99% used [0x00000000dd500000,0x00000000dd97c050,0x00000000dd980000)
  to   space 4608K, 0% used [0x00000000dd080000,0x00000000dd080000,0x00000000dd500000)
 ParOldGen       total 79360K, used 7183K [0x000000008c000000, 0x0000000090d80000, 0x00000000d9580000)
  object space 79360K, 9% used [0x000000008c000000,0x000000008c703c18,0x0000000090d80000)
 Metaspace       used 15541K, capacity 15848K, committed 16128K, reserved 1062912K
  class space    used 1853K, capacity 1953K, committed 2048K, reserved 1048576K
}

